[debug] [2023-05-10T07:38:35.448Z] ----------------------------------------------------------------------
[debug] [2023-05-10T07:38:35.450Z] Command:       C:\Program Files\nodejs\node.exe C:\Users\gigel\AppData\Roaming\npm\node_modules\firebase-tools\lib\bin\firebase.js init
[debug] [2023-05-10T07:38:35.451Z] CLI Version:   12.0.0
[debug] [2023-05-10T07:38:35.451Z] Platform:      win32
[debug] [2023-05-10T07:38:35.451Z] Node Version:  v18.16.0
[debug] [2023-05-10T07:38:35.452Z] Time:          Wed May 10 2023 10:38:35 GMT+0300 (Eastern European Summer Time)
[debug] [2023-05-10T07:38:35.452Z] ----------------------------------------------------------------------
[debug] 
[debug] [2023-05-10T07:38:35.564Z] > command requires scopes: ["email","openid","https://www.googleapis.com/auth/cloudplatformprojects.readonly","https://www.googleapis.com/auth/firebase","https://www.googleapis.com/auth/cloud-platform"]
[debug] [2023-05-10T07:38:35.565Z] > authorizing via signed-in user (raduconstantin.cepoiu@ulbsibiu.ro)
[info] 
     ######## #### ########  ######## ########     ###     ######  ########
     ##        ##  ##     ## ##       ##     ##  ##   ##  ##       ##
     ######    ##  ########  ######   ########  #########  ######  ######
     ##        ##  ##    ##  ##       ##     ## ##     ##       ## ##
     ##       #### ##     ## ######## ########  ##     ##  ######  ########

You're about to initialize a Firebase project in this directory:

  C:\Users\gigel\Desktop\proiect-trenuri\proiect-trenuri

Before we get started, keep in mind:

  * You are initializing within an existing Firebase project directory

[info] 
=== Project Setup
[info] 
[info] First, let's associate this project directory with a Firebase project.
[info] You can create multiple project aliases by running firebase use --add, 
[info] but for now we'll just set up a default project.
[info] 
[debug] [2023-05-10T07:39:39.145Z] Using project from CLI flag: proiect-trenuri
[debug] [2023-05-10T07:39:39.151Z] >>> [apiv2][query] GET https://firebase.googleapis.com/v1beta1/projects/proiect-trenuri [none]
[debug] [2023-05-10T07:39:39.613Z] <<< [apiv2][status] GET https://firebase.googleapis.com/v1beta1/projects/proiect-trenuri 200
[debug] [2023-05-10T07:39:39.613Z] <<< [apiv2][body] GET https://firebase.googleapis.com/v1beta1/projects/proiect-trenuri {"projectId":"proiect-trenuri","projectNumber":"870828892971","displayName":"proiect-trenuri","name":"projects/proiect-trenuri","resources":{"hostingSite":"proiect-trenuri","realtimeDatabaseInstance":"proiect-trenuri-default-rtdb"},"state":"ACTIVE","etag":"1_adf72b9f-e416-42de-856a-8988436141c9"}
[info] i  Using project proiect-trenuri (proiect-trenuri) 
[info] 
=== Firestore Setup
[debug] [2023-05-10T07:39:39.634Z] >>> [apiv2][query] GET https://serviceusage.googleapis.com/v1/projects/proiect-trenuri/services/firestore.googleapis.com [none]
[debug] [2023-05-10T07:39:39.635Z] >>> [apiv2][(partial)header] GET https://serviceusage.googleapis.com/v1/projects/proiect-trenuri/services/firestore.googleapis.com x-goog-quota-user=projects/proiect-trenuri
[debug] [2023-05-10T07:39:40.570Z] <<< [apiv2][status] GET https://serviceusage.googleapis.com/v1/projects/proiect-trenuri/services/firestore.googleapis.com 200
[debug] [2023-05-10T07:39:40.570Z] <<< [apiv2][body] GET https://serviceusage.googleapis.com/v1/projects/proiect-trenuri/services/firestore.googleapis.com [omitted]
[debug] [2023-05-10T07:39:40.570Z] >>> [apiv2][query] GET https://firestore.googleapis.com/v1/projects/proiect-trenuri/databases/(default) [none]
[debug] [2023-05-10T07:39:40.952Z] <<< [apiv2][status] GET https://firestore.googleapis.com/v1/projects/proiect-trenuri/databases/(default) 200
[debug] [2023-05-10T07:39:40.952Z] <<< [apiv2][body] GET https://firestore.googleapis.com/v1/projects/proiect-trenuri/databases/(default) {"name":"projects/proiect-trenuri/databases/(default)","uid":"032684ef-849b-4bcc-97a7-0d464bf35f39","createTime":"2023-05-04T10:20:16.166694Z","updateTime":"2023-05-04T10:20:16.166694Z","locationId":"eur3","type":"FIRESTORE_NATIVE","concurrencyMode":"PESSIMISTIC","appEngineIntegrationMode":"DISABLED","keyPrefix":"e","deleteProtectionState":"DELETE_PROTECTION_DISABLED","etag":"INDZoMyf6v4CMOK7zqXf2/4C"}
[debug] [2023-05-10T07:39:40.952Z] database_type: FIRESTORE_NATIVE
[debug] [2023-05-10T07:39:40.953Z] > command requires scopes: ["email","openid","https://www.googleapis.com/auth/cloudplatformprojects.readonly","https://www.googleapis.com/auth/firebase","https://www.googleapis.com/auth/cloud-platform"]
[debug] [2023-05-10T07:39:40.953Z] > authorizing via signed-in user (raduconstantin.cepoiu@ulbsibiu.ro)
[debug] [2023-05-10T07:39:40.953Z] [iam] checking project proiect-trenuri for permissions ["firebase.projects.get"]
[debug] [2023-05-10T07:39:40.954Z] >>> [apiv2][query] POST https://cloudresourcemanager.googleapis.com/v1/projects/proiect-trenuri:testIamPermissions [none]
[debug] [2023-05-10T07:39:40.954Z] >>> [apiv2][(partial)header] POST https://cloudresourcemanager.googleapis.com/v1/projects/proiect-trenuri:testIamPermissions x-goog-quota-user=projects/proiect-trenuri
[debug] [2023-05-10T07:39:40.954Z] >>> [apiv2][body] POST https://cloudresourcemanager.googleapis.com/v1/projects/proiect-trenuri:testIamPermissions {"permissions":["firebase.projects.get"]}
[debug] [2023-05-10T07:39:41.697Z] <<< [apiv2][status] POST https://cloudresourcemanager.googleapis.com/v1/projects/proiect-trenuri:testIamPermissions 200
[debug] [2023-05-10T07:39:41.697Z] <<< [apiv2][body] POST https://cloudresourcemanager.googleapis.com/v1/projects/proiect-trenuri:testIamPermissions {"permissions":["firebase.projects.get"]}
[info] 
[info] Firestore Security Rules allow you to define how and when to allow
[info] requests. You can keep these rules in your project directory
[info] and publish them with firebase deploy.
[info] 
[debug] [2023-05-10T07:40:06.173Z] >>> [apiv2][query] GET https://firebaserules.googleapis.com/v1/projects/proiect-trenuri/releases pageSize=10&pageToken=
[debug] [2023-05-10T07:40:07.045Z] <<< [apiv2][status] GET https://firebaserules.googleapis.com/v1/projects/proiect-trenuri/releases 200
[debug] [2023-05-10T07:40:07.045Z] <<< [apiv2][body] GET https://firebaserules.googleapis.com/v1/projects/proiect-trenuri/releases {"releases":[{"name":"projects/proiect-trenuri/releases/cloud.firestore","rulesetName":"projects/proiect-trenuri/rulesets/63f0236a-125f-4405-9bb8-e4ed3d4f345f","createTime":"2023-05-04T10:20:20.204856Z","updateTime":"2023-05-04T10:20:20.204856Z"}]}
[debug] [2023-05-10T07:40:07.046Z] Found ruleset: projects/proiect-trenuri/rulesets/63f0236a-125f-4405-9bb8-e4ed3d4f345f
[debug] [2023-05-10T07:40:07.046Z] >>> [apiv2][query] GET https://firebaserules.googleapis.com/v1/projects/proiect-trenuri/rulesets/63f0236a-125f-4405-9bb8-e4ed3d4f345f [none]
[debug] [2023-05-10T07:40:07.876Z] <<< [apiv2][status] GET https://firebaserules.googleapis.com/v1/projects/proiect-trenuri/rulesets/63f0236a-125f-4405-9bb8-e4ed3d4f345f 200
[debug] [2023-05-10T07:40:07.876Z] <<< [apiv2][body] GET https://firebaserules.googleapis.com/v1/projects/proiect-trenuri/rulesets/63f0236a-125f-4405-9bb8-e4ed3d4f345f [omitted]
[info] 
[info] Firestore indexes allow you to perform complex queries while
[info] maintaining performance that scales with the size of the result
[info] set. You can keep index definitions in your project directory
[info] and publish them with firebase deploy.
[info] 
[debug] [2023-05-10T07:40:14.068Z] >>> [apiv2][query] GET https://firestore.googleapis.com/v1/projects/proiect-trenuri/databases/(default)/collectionGroups/-/indexes [none]
[debug] [2023-05-10T07:40:14.071Z] >>> [apiv2][query] GET https://firestore.googleapis.com/v1/projects/proiect-trenuri/databases/(default)/collectionGroups/-/fields?filter=indexConfig.usesAncestorConfig=false OR ttlConfig:* [none]
[debug] [2023-05-10T07:40:14.380Z] <<< [apiv2][status] GET https://firestore.googleapis.com/v1/projects/proiect-trenuri/databases/(default)/collectionGroups/-/indexes 200
[debug] [2023-05-10T07:40:14.380Z] <<< [apiv2][body] GET https://firestore.googleapis.com/v1/projects/proiect-trenuri/databases/(default)/collectionGroups/-/indexes {}
[debug] [2023-05-10T07:40:14.385Z] <<< [apiv2][status] GET https://firestore.googleapis.com/v1/projects/proiect-trenuri/databases/(default)/collectionGroups/-/fields?filter=indexConfig.usesAncestorConfig=false OR ttlConfig:* 200
[debug] [2023-05-10T07:40:14.386Z] <<< [apiv2][body] GET https://firestore.googleapis.com/v1/projects/proiect-trenuri/databases/(default)/collectionGroups/-/fields?filter=indexConfig.usesAncestorConfig=false OR ttlConfig:* {"fields":[{"name":"projects/proiect-trenuri/databases/(default)/collectionGroups/__default__/fields/*","indexConfig":{"indexes":[{"queryScope":"COLLECTION","fields":[{"fieldPath":"*","order":"ASCENDING"}],"state":"READY"},{"queryScope":"COLLECTION","fields":[{"fieldPath":"*","order":"DESCENDING"}],"state":"READY"},{"queryScope":"COLLECTION","fields":[{"fieldPath":"*","arrayConfig":"CONTAINS"}],"state":"READY"}]}}]}
[info] 
=== Hosting Setup
[info] 
[info] Your public directory is the folder (relative to your project directory) that
[info] will contain Hosting assets to be uploaded with firebase deploy. If you
[info] have a build process for your assets, use your build's output directory.
[info] 
[info] +  Wrote public/404.html 
[debug] [2023-05-10T07:40:31.746Z] >>> [apiv2][query] GET https://www.gstatic.com/firebasejs/releases.json [none]
[debug] [2023-05-10T07:40:31.815Z] <<< [apiv2][status] GET https://www.gstatic.com/firebasejs/releases.json 200
[debug] [2023-05-10T07:40:31.815Z] <<< [apiv2][body] GET https://www.gstatic.com/firebasejs/releases.json {"current":{"version":"9.21.0","browserURL":"https://www.gstatic.com/firebasejs/9.21.0/firebase.js","packageURL":"https://www.gstatic.com/firebasejs/9.21.0/firebase.tgz"},"live":{"version":"9.21","browserURL":"https://www.gstatic.com/firebasejs/live/9.21/firebase.js","packageURL":"https://www.gstatic.com/firebasejs/live/9.21/firebase.tgz"},"components":{"analytics":"https://www.gstatic.com/firebasejs/9.21.0/firebase-analytics.js","app":"https://www.gstatic.com/firebasejs/9.21.0/firebase-app.js","app-check":"https://www.gstatic.com/firebasejs/9.21.0/firebase-app-check.js","auth":"https://www.gstatic.com/firebasejs/9.21.0/firebase-auth.js","auth/cordova":"https://www.gstatic.com/firebasejs/9.21.0/firebase-auth/cordova.js","auth/react-native":"https://www.gstatic.com/firebasejs/9.21.0/firebase-auth/react-native.js","functions":"https://www.gstatic.com/firebasejs/9.21.0/firebase-functions.js","firestore":"https://www.gstatic.com/firebasejs/9.21.0/firebase-firestore.js","firestore/lite":"https://www.gstatic.com/firebasejs/9.21.0/firebase-firestore/lite.js","installations":"https://www.gstatic.com/firebasejs/9.21.0/firebase-installations.js","storage":"https://www.gstatic.com/firebasejs/9.21.0/firebase-storage.js","performance":"https://www.gstatic.com/firebasejs/9.21.0/firebase-performance.js","remote-config":"https://www.gstatic.com/firebasejs/9.21.0/firebase-remote-config.js","messaging":"https://www.gstatic.com/firebasejs/9.21.0/firebase-messaging.js","messaging/sw":"https://www.gstatic.com/firebasejs/9.21.0/firebase-messaging/sw.js","database":"https://www.gstatic.com/firebasejs/9.21.0/firebase-database.js","firestore.memory":"https://www.gstatic.com/firebasejs/9.21.0/firebase-firestore.memory.js"}}
[info] +  Wrote public/index.html 
[info] 
[info] i  Detected a .git folder at C:\Users\gigel\Desktop\proiect-trenuri\proiect-trenuri 
[info] i  Authorizing with GitHub to upload your service account to a GitHub repository's secrets store. 
[info] 
[info] Visit this URL on this device to log in:
[info] https://github.com/login/oauth/authorize?client_id=89cf50f02ac6aaed3484&state=223831969&redirect_uri=http%3A%2F%2Flocalhost%3A9005&scope=read%3Auser%20repo%20public_repo
[info] 
[info] Waiting for authentication...
